<?xml version="1.0" encoding="UTF-8"?>
<!-- Generated by org.testng.reporters.JUnitReportReporter -->
<testsuite hostname="DESKTOP-9KE77IG" failures="0" tests="1" name="test.LoginPageTest" time="1.142" errors="0" timestamp="2022-06-27T10:43:53 IST" skipped="0">
  <testcase classname="test.LoginPageTest" name="verifylogin" time="1.142"/>
  <system-out/>
</testsuite> <!-- test.LoginPageTest -->
